# JRE version: OpenJDK Runtime Environment (8.0_76-b03) (build 1.8.0_76-release-b03)
# Java VM: OpenJDK 64-Bit Server VM (25.76-b03 mixed mode windows-amd64 compressed oops)
Heap:
 PSYoungGen      total 426496K, used 110459K [0x00000000e0000000, 0x00000000ffd80000, 0x0000000100000000)
  eden space 337408K, 32% used [0x00000000e0000000,0x00000000e6bdee58,0x00000000f4980000)
  from space 89088K, 0% used [0x00000000fa280000,0x00000000fa280000,0x00000000ff980000)
  to   space 91136K, 0% used [0x00000000f4980000,0x00000000f4980000,0x00000000fa280000)
 ParOldGen       total 361984K, used 61106K [0x00000000a0000000, 0x00000000b6180000, 0x00000000e0000000)
  object space 361984K, 16% used [0x00000000a0000000,0x00000000a3bacb20,0x00000000b6180000)
 Metaspace       used 86682K, capacity 93696K, committed 94000K, reserved 1130496K
  class space    used 11463K, capacity 12451K, committed 12592K, reserved 1048576K
GC Heap History (10 events):
Event: 5948.676 GC heap before
{Heap before GC invocations=259 (full 34):
 PSYoungGen      total 427520K, used 369450K [0x00000000e0000000, 0x0000000100000000, 0x0000000100000000)
  eden space 325120K, 100% used [0x00000000e0000000,0x00000000f3d80000,0x00000000f3d80000)
  from space 102400K, 43% used [0x00000000f9c00000,0x00000000fc74aa28,0x0000000100000000)
  to   space 96768K, 0% used [0x00000000f3d80000,0x00000000f3d80000,0x00000000f9c00000)
 ParOldGen       total 361984K, used 216981K [0x00000000a0000000, 0x00000000b6180000, 0x00000000e0000000)
  object space 361984K, 59% used [0x00000000a0000000,0x00000000ad3e5698,0x00000000b6180000)
 Metaspace       used 86577K, capacity 93484K, committed 94000K, reserved 1130496K
  class space    used 11450K, capacity 12433K, committed 12592K, reserved 1048576K
Event: 5948.725 GC heap after
Heap after GC invocations=259 (full 34):
 PSYoungGen      total 353280K, used 27656K [0x00000000e0000000, 0x00000000ff580000, 0x0000000100000000)
  eden space 325120K, 0% used [0x00000000e0000000,0x00000000e0000000,0x00000000f3d80000)
  from space 28160K, 98% used [0x00000000f3d80000,0x00000000f58822d8,0x00000000f5900000)
  to   space 94208K, 0% used [0x00000000f9980000,0x00000000f9980000,0x00000000ff580000)
 ParOldGen       total 361984K, used 239647K [0x00000000a0000000, 0x00000000b6180000, 0x00000000e0000000)
  object space 361984K, 66% used [0x00000000a0000000,0x00000000aea07d18,0x00000000b6180000)
 Metaspace       used 86577K, capacity 93484K, committed 94000K, reserved 1130496K
  class space    used 11450K, capacity 12433K, committed 12592K, reserved 1048576K
}
Event: 5948.951 GC heap before
{Heap before GC invocations=260 (full 34):
 PSYoungGen      total 353280K, used 352776K [0x00000000e0000000, 0x00000000ff580000, 0x0000000100000000)
  eden space 325120K, 100% used [0x00000000e0000000,0x00000000f3d80000,0x00000000f3d80000)
  from space 28160K, 98% used [0x00000000f3d80000,0x00000000f58822d8,0x00000000f5900000)
  to   space 94208K, 0% used [0x00000000f9980000,0x00000000f9980000,0x00000000ff580000)
 ParOldGen       total 361984K, used 239647K [0x00000000a0000000, 0x00000000b6180000, 0x00000000e0000000)
  object space 361984K, 66% used [0x00000000a0000000,0x00000000aea07d18,0x00000000b6180000)
 Metaspace       used 86577K, capacity 93484K, committed 94000K, reserved 1130496K
  class space    used 11450K, capacity 12433K, committed 12592K, reserved 1048576K
Event: 5949.016 GC heap after
Heap after GC invocations=260 (full 34):
 PSYoungGen      total 422912K, used 45945K [0x00000000e0000000, 0x0000000100000000, 0x0000000100000000)
  eden space 328704K, 0% used [0x00000000e0000000,0x00000000e0000000,0x00000000f4100000)
  from space 94208K, 48% used [0x00000000f9980000,0x00000000fc65e758,0x00000000ff580000)
  to   space 90624K, 0% used [0x00000000f4100000,0x00000000f4100000,0x00000000f9980000)
 ParOldGen       total 361984K, used 261484K [0x00000000a0000000, 0x00000000b6180000, 0x00000000e0000000)
  object space 361984K, 72% used [0x00000000a0000000,0x00000000aff5b2c8,0x00000000b6180000)
 Metaspace       used 86577K, capacity 93484K, committed 94000K, reserved 1130496K
  class space    used 11450K, capacity 12433K, committed 12592K, reserved 1048576K
}
Event: 5950.171 GC heap before
{Heap before GC invocations=261 (full 34):
 PSYoungGen      total 422912K, used 373862K [0x00000000e0000000, 0x0000000100000000, 0x0000000100000000)
  eden space 328704K, 99% used [0x00000000e0000000,0x00000000f403b0e8,0x00000000f4100000)
  from space 94208K, 48% used [0x00000000f9980000,0x00000000fc65e758,0x00000000ff580000)
  to   space 90624K, 0% used [0x00000000f4100000,0x00000000f4100000,0x00000000f9980000)
 ParOldGen       total 361984K, used 261484K [0x00000000a0000000, 0x00000000b6180000, 0x00000000e0000000)
  object space 361984K, 72% used [0x00000000a0000000,0x00000000aff5b2c8,0x00000000b6180000)
 Metaspace       used 86601K, capacity 93514K, committed 94000K, reserved 1130496K
  class space    used 11453K, capacity 12438K, committed 12592K, reserved 1048576K
Event: 5950.212 GC heap after
Heap after GC invocations=261 (full 34):
 PSYoungGen      total 419328K, used 24316K [0x00000000e0000000, 0x00000000ff980000, 0x0000000100000000)
  eden space 328704K, 0% used [0x00000000e0000000,0x00000000e0000000,0x00000000f4100000)
  from space 90624K, 26% used [0x00000000f4100000,0x00000000f58bf0b8,0x00000000f9980000)
  to   space 89088K, 0% used [0x00000000fa280000,0x00000000fa280000,0x00000000ff980000)
 ParOldGen       total 361984K, used 280286K [0x00000000a0000000, 0x00000000b6180000, 0x00000000e0000000)
  object space 361984K, 77% used [0x00000000a0000000,0x00000000b11b7ab0,0x00000000b6180000)
 Metaspace       used 86601K, capacity 93514K, committed 94000K, reserved 1130496K
  class space    used 11453K, capacity 12438K, committed 12592K, reserved 1048576K
}
Event: 5950.425 GC heap before
{Heap before GC invocations=262 (full 34):
 PSYoungGen      total 419328K, used 265924K [0x00000000e0000000, 0x00000000ff980000, 0x0000000100000000)
  eden space 328704K, 73% used [0x00000000e0000000,0x00000000eebf2078,0x00000000f4100000)
  from space 90624K, 26% used [0x00000000f4100000,0x00000000f58bf0b8,0x00000000f9980000)
  to   space 89088K, 0% used [0x00000000fa280000,0x00000000fa280000,0x00000000ff980000)
 ParOldGen       total 361984K, used 280286K [0x00000000a0000000, 0x00000000b6180000, 0x00000000e0000000)
  object space 361984K, 77% used [0x00000000a0000000,0x00000000b11b7ab0,0x00000000b6180000)
 Metaspace       used 86606K, capacity 93520K, committed 94000K, reserved 1130496K
  class space    used 11453K, capacity 12439K, committed 12592K, reserved 1048576K
Event: 5950.446 GC heap after
Heap after GC invocations=262 (full 34):
 PSYoungGen      total 426496K, used 192K [0x00000000e0000000, 0x00000000ffd80000, 0x0000000100000000)
  eden space 337408K, 0% used [0x00000000e0000000,0x00000000e0000000,0x00000000f4980000)
  from space 89088K, 0% used [0x00000000fa280000,0x00000000fa2b0000,0x00000000ff980000)
  to   space 91136K, 0% used [0x00000000f4980000,0x00000000f4980000,0x00000000fa280000)
 ParOldGen       total 361984K, used 296685K [0x00000000a0000000, 0x00000000b6180000, 0x00000000e0000000)
  object space 361984K, 81% used [0x00000000a0000000,0x00000000b21bb720,0x00000000b6180000)
 Metaspace       used 86606K, capacity 93520K, committed 94000K, reserved 1130496K
  class space    used 11453K, capacity 12439K, committed 12592K, reserved 1048576K
}
Event: 5950.446 GC heap before
{Heap before GC invocations=263 (full 35):
 PSYoungGen      total 426496K, used 192K [0x00000000e0000000, 0x00000000ffd80000, 0x0000000100000000)
  eden space 337408K, 0% used [0x00000000e0000000,0x00000000e0000000,0x00000000f4980000)
  from space 89088K, 0% used [0x00000000fa280000,0x00000000fa2b0000,0x00000000ff980000)
  to   space 91136K, 0% used [0x00000000f4980000,0x00000000f4980000,0x00000000fa280000)
 ParOldGen       total 361984K, used 296685K [0x00000000a0000000, 0x00000000b6180000, 0x00000000e0000000)
  object space 361984K, 81% used [0x00000000a0000000,0x00000000b21bb720,0x00000000b6180000)
 Metaspace       used 86606K, capacity 93520K, committed 94000K, reserved 1130496K
  class space    used 11453K, capacity 12439K, committed 12592K, reserved 1048576K
Event: 5950.955 GC heap after
Heap after GC invocations=263 (full 35):
 PSYoungGen      total 426496K, used 0K [0x00000000e0000000, 0x00000000ffd80000, 0x0000000100000000)
  eden space 337408K, 0% used [0x00000000e0000000,0x00000000e0000000,0x00000000f4980000)
  from space 89088K, 0% used [0x00000000fa280000,0x00000000fa280000,0x00000000ff980000)
  to   space 91136K, 0% used [0x00000000f4980000,0x00000000f4980000,0x00000000fa280000)
 ParOldGen       total 361984K, used 61106K [0x00000000a0000000, 0x00000000b6180000, 0x00000000e0000000)
  object space 361984K, 16% used [0x00000000a0000000,0x00000000a3bacb20,0x00000000b6180000)
 Metaspace       used 86606K, capacity 93520K, committed 94000K, reserved 1130496K
  class space    used 11453K, capacity 12439K, committed 12592K, reserved 1048576K
}

